<?xml version="1.0" encoding="UTF-8"?>
<testng-results ignored="1" total="2" passed="1" failed="0" skipped="0">
  <reporter-output>
    <line>
      <![CDATA[Expected Result = Facebook – log in or sign up]]>
    </line>
    <line>
      <![CDATA[Actual Result = Facebook – log in or sign up]]>
    </line>
  </reporter-output>
  <suite started-at="2023-09-11T22:32:48 SAST" name="Failed suite [Regression Suite]" finished-at="2023-09-11T22:32:48 SAST" duration-ms="122">
    <groups>
    </groups>
    <test started-at="2023-09-11T22:32:48 SAST" name="Regression Test(failed)" finished-at="2023-09-11T22:32:48 SAST" duration-ms="122">
      <class name="test.FacebookDemo">
        <test-method is-config="true" signature="beforeSuite()[pri:0, instance:test.FacebookDemo@1573f9fc]" started-at="2023-09-11T22:32:39 SAST" name="beforeSuite" finished-at="2023-09-11T22:32:48 SAST" duration-ms="9394" status="PASS">
          <reporter-output>
          </reporter-output>
        </test-method> <!-- beforeSuite -->
        <test-method signature="pageTitleValidation()[pri:0, instance:test.FacebookDemo@1573f9fc]" started-at="2023-09-11T22:32:48 SAST" name="pageTitleValidation" finished-at="2023-09-11T22:32:48 SAST" duration-ms="39" status="PASS">
          <reporter-output>
            <line>
              <![CDATA[Expected Result = Facebook – log in or sign up]]>
            </line>
            <line>
              <![CDATA[Actual Result = Facebook – log in or sign up]]>
            </line>
          </reporter-output>
        </test-method> <!-- pageTitleValidation -->
        <test-method is-config="true" signature="afterSuite()[pri:0, instance:test.FacebookDemo@1573f9fc]" started-at="2023-09-11T22:32:48 SAST" name="afterSuite" finished-at="2023-09-11T22:32:50 SAST" duration-ms="1901" status="PASS">
          <reporter-output>
          </reporter-output>
        </test-method> <!-- afterSuite -->
      </class> <!-- test.FacebookDemo -->
    </test> <!-- Regression Test(failed) -->
  </suite> <!-- Failed suite [Regression Suite] -->
</testng-results>
